#
# There is insufficient memory for the Java Runtime Environment to continue.
# Native memory allocation (malloc) failed to allocate 1124496 bytes for Chunk::new
# Possible reasons:
#   The system is out of physical RAM or swap space
#   The process is running with CompressedOops enabled, and the Java Heap may be blocking the growth of the native heap
# Possible solutions:
#   Reduce memory load on the system
#   Increase physical memory or swap space
#   Check if swap backing store is full
#   Decrease Java heap size (-Xmx/-Xms)
#   Decrease number of Java threads
#   Decrease Java thread stack sizes (-Xss)
#   Set larger code cache with -XX:ReservedCodeCacheSize=
#   JVM is running with Unscaled Compressed Oops mode in which the Java heap is
#     placed in the first 4GB address space. The Java Heap base address is the
#     maximum limit for the native heap growth. Please use -XX:HeapBaseMinAddress
#     to set the Java Heap base and to place the Java Heap above 4GB virtual address.
# This output file may be truncated or incomplete.
#
#  Out of Memory Error (allocation.cpp:389), pid=9488, tid=0x00000000000063d0
#
# JRE version: OpenJDK Runtime Environment (8.0_242-b01) (build 1.8.0_242-release-1644-b01)
# Java VM: OpenJDK 64-Bit Server VM (25.242-b01 mixed mode windows-amd64 compressed oops)
# Failed to write core dump. Minidumps are not enabled by default on client versions of Windows
#

---------------  T H R E A D  ---------------

Current thread (0x000000001a942000):  JavaThread "C2 CompilerThread2" daemon [_thread_in_native, id=25552, stack(0x000000001c620000,0x000000001c720000)]

Stack: [0x000000001c620000,0x000000001c720000]
[error occurred during error reporting (printing stack bounds), id 0xc0000005]

Native frames: (J=compiled Java code, j=interpreted, Vv=VM code, C=native code)


Current CompileTask:
C2: 720298 26442   !   4       org.gradle.api.internal.artifacts.ivyservice.resolveengine.graph.builder.NodeState::visitDependencies (206 bytes)


---------------  P R O C E S S  ---------------

Java Threads: ( => current thread )
  0x0000000037162800 JavaThread "Cache worker for execution history cache (D:\MyApplication2\.gradle\6.5\executionHistory)" [_thread_blocked, id=17368, stack(0x00000000360f0000,0x00000000361f0000)]
  0x0000000037166000 JavaThread "Execution worker for ':' Thread 15" [_thread_blocked, id=22536, stack(0x0000000035ff0000,0x00000000360f0000)]
  0x0000000037164800 JavaThread "Execution worker for ':' Thread 14" [_thread_blocked, id=20716, stack(0x0000000035ef0000,0x0000000035ff0000)]
  0x0000000037165800 JavaThread "Execution worker for ':' Thread 13" [_thread_blocked, id=24296, stack(0x0000000035df0000,0x0000000035ef0000)]
  0x0000000037160800 JavaThread "Execution worker for ':' Thread 12" [_thread_blocked, id=27140, stack(0x0000000035cf0000,0x0000000035df0000)]
  0x000000003715b800 JavaThread "Execution worker for ':' Thread 11" [_thread_blocked, id=5708, stack(0x00000000352a0000,0x00000000353a0000)]
  0x0000000037158800 JavaThread "Execution worker for ':' Thread 10" [_thread_blocked, id=16064, stack(0x00000000351a0000,0x00000000352a0000)]
  0x000000003715f000 JavaThread "Execution worker for ':' Thread 9" [_thread_blocked, id=25260, stack(0x00000000350a0000,0x00000000351a0000)]
  0x000000003715a000 JavaThread "Execution worker for ':' Thread 8" [_thread_blocked, id=14352, stack(0x0000000034fa0000,0x00000000350a0000)]
  0x000000003715a800 JavaThread "Execution worker for ':' Thread 7" [_thread_blocked, id=15400, stack(0x0000000034ea0000,0x0000000034fa0000)]
  0x0000000037157800 JavaThread "Execution worker for ':' Thread 6" [_thread_blocked, id=10664, stack(0x0000000034ba0000,0x0000000034ca0000)]
  0x0000000037159000 JavaThread "Execution worker for ':' Thread 5" [_thread_blocked, id=24020, stack(0x0000000034aa0000,0x0000000034ba0000)]
  0x000000003715e800 JavaThread "Execution worker for ':' Thread 4" [_thread_blocked, id=14564, stack(0x00000000349a0000,0x0000000034aa0000)]
  0x000000003715d800 JavaThread "Execution worker for ':' Thread 3" [_thread_blocked, id=28540, stack(0x0000000033b50000,0x0000000033c50000)]
  0x000000003715d000 JavaThread "Execution worker for ':' Thread 2" [_thread_blocked, id=12680, stack(0x0000000033750000,0x0000000033850000)]
  0x000000003715c000 JavaThread "Execution worker for ':'" [_thread_blocked, id=15872, stack(0x0000000033150000,0x0000000033250000)]
  0x0000000037150000 JavaThread "Cache worker for file content cache (D:\MyApplication2\.gradle\6.5\fileContent)" [_thread_blocked, id=20068, stack(0x0000000031b80000,0x0000000031c80000)]
  0x0000000037157000 JavaThread "Cache worker for Build Output Cleanup Cache (D:\MyApplication2\.gradle\buildOutputCleanup)" [_thread_blocked, id=26604, stack(0x00000000315d0000,0x00000000316d0000)]
  0x0000000037152800 JavaThread "Build operations Thread 16" [_thread_blocked, id=9232, stack(0x0000000030f80000,0x0000000031080000)]
  0x0000000037151800 JavaThread "Build operations Thread 15" [_thread_blocked, id=4356, stack(0x00000000287a0000,0x00000000288a0000)]
  0x000000003714f800 JavaThread "Build operations Thread 14" [_thread_in_native, id=6032, stack(0x00000000286a0000,0x00000000287a0000)]
  0x0000000037156000 JavaThread "Build operations Thread 13" [_thread_blocked, id=1216, stack(0x00000000285a0000,0x00000000286a0000)]
  0x000000003714e800 JavaThread "Build operations Thread 12" [_thread_in_native, id=25220, stack(0x00000000284a0000,0x00000000285a0000)]
  0x0000000037155800 JavaThread "Build operations Thread 11" [_thread_in_native, id=23856, stack(0x00000000283a0000,0x00000000284a0000)]
  0x0000000037151000 JavaThread "Build operations Thread 10" [_thread_blocked, id=28216, stack(0x00000000282a0000,0x00000000283a0000)]
  0x000000003714e000 JavaThread "Build operations Thread 9" [_thread_blocked, id=25992, stack(0x00000000281a0000,0x00000000282a0000)]
  0x0000000037154000 JavaThread "Build operations Thread 8" [_thread_in_native, id=28304, stack(0x00000000280a0000,0x00000000281a0000)]
  0x0000000037153000 JavaThread "Build operations Thread 7" [_thread_in_native, id=6140, stack(0x0000000027fa0000,0x00000000280a0000)]
  0x000000001debd000 JavaThread "Build operations Thread 6" [_thread_in_native, id=21512, stack(0x0000000027ea0000,0x0000000027fa0000)]
  0x000000001debe000 JavaThread "Build operations Thread 5" [_thread_in_native, id=11304, stack(0x0000000027da0000,0x0000000027ea0000)]
  0x000000001debb800 JavaThread "Build operations Thread 4" [_thread_in_native, id=13956, stack(0x0000000027ca0000,0x0000000027da0000)]
  0x000000001dec2800 JavaThread "Build operations Thread 3" [_thread_in_native, id=16432, stack(0x0000000027ba0000,0x0000000027ca0000)]
  0x000000001dec1800 JavaThread "Build operations Thread 2" [_thread_in_native, id=15812, stack(0x00000000278a0000,0x00000000279a0000)]
  0x000000001dec0000 JavaThread "Build operations" [_thread_in_native, id=8440, stack(0x00000000277a0000,0x00000000278a0000)]
  0x000000001deb8800 JavaThread "Cache worker for cache directory md-rule (C:\Users\Suzhou\.gradle\caches\6.5\md-rule)" [_thread_blocked, id=23172, stack(0x00000000272a0000,0x00000000273a0000)]
  0x000000001debb000 JavaThread "Cache worker for cache directory md-supplier (C:\Users\Suzhou\.gradle\caches\6.5\md-supplier)" [_thread_blocked, id=27972, stack(0x00000000271a0000,0x00000000272a0000)]
  0x000000001debf800 JavaThread "Cache worker for checksums cache (D:\MyApplication2\.gradle\checksums)" [_thread_blocked, id=19056, stack(0x00000000270a0000,0x00000000271a0000)]
  0x000000001deb7000 JavaThread "Cache worker for file hash cache (D:\MyApplication2\.gradle\6.5\fileHashes)" [_thread_blocked, id=25372, stack(0x0000000020870000,0x0000000020970000)]
  0x000000001debc800 JavaThread "Thread-1229" [_thread_blocked, id=27836, stack(0x0000000020770000,0x0000000020870000)]
  0x000000001deb8000 JavaThread "Stdin handler" [_thread_blocked, id=9944, stack(0x0000000020470000,0x0000000020570000)]
  0x000000001deba000 JavaThread "Asynchronous log dispatcher for DefaultDaemonConnection: socket connection from /127.0.0.1:4141 to /127.0.0.1:2939" [_thread_blocked, id=27980, stack(0x000000001fec0000,0x000000001ffc0000)]
  0x000000001deb3800 JavaThread "Cancel handler" [_thread_blocked, id=19568, stack(0x0000000001860000,0x0000000001960000)]
  0x000000001deb6800 JavaThread "Handler for socket connection from /127.0.0.1:4141 to /127.0.0.1:2939" [_thread_in_native, id=21048, stack(0x0000000001760000,0x0000000001860000)]
  0x0000000037154800 JavaThread "ForkJoinPool.commonPool-worker-12" daemon [_thread_blocked, id=5080, stack(0x000000003e8f0000,0x000000003e9f0000)]
  0x00000000228d3800 JavaThread "ForkJoinPool.commonPool-worker-3" daemon [_thread_blocked, id=2596, stack(0x000000003e7f0000,0x000000003e8f0000)]
  0x00000000228d2000 JavaThread "ForkJoinPool.commonPool-worker-10" daemon [_thread_blocked, id=20972, stack(0x000000003e6f0000,0x000000003e7f0000)]
  0x00000000228d6000 JavaThread "ForkJoinPool.commonPool-worker-1" daemon [_thread_blocked, id=21536, stack(0x000000003e5f0000,0x000000003e6f0000)]
  0x00000000228d3000 JavaThread "ForkJoinPool.commonPool-worker-8" daemon [_thread_blocked, id=11744, stack(0x000000003e4f0000,0x000000003e5f0000)]
  0x0000000032c69000 JavaThread "ForkJoinPool.commonPool-worker-15" daemon [_thread_blocked, id=7968, stack(0x000000003e3f0000,0x000000003e4f0000)]
  0x0000000032c60800 JavaThread "ForkJoinPool.commonPool-worker-13" daemon [_thread_blocked, id=18520, stack(0x000000003e2f0000,0x000000003e3f0000)]
  0x0000000032c65000 JavaThread "ForkJoinPool.commonPool-worker-4" daemon [_thread_blocked, id=28416, stack(0x000000003e0f0000,0x000000003e1f0000)]
  0x00000000228d4800 JavaThread "jar transforms Thread 452" [_thread_blocked, id=17524, stack(0x0000000030880000,0x0000000030980000)]
  0x00000000228d5000 JavaThread "jar transforms Thread 451" [_thread_blocked, id=17616, stack(0x0000000030170000,0x0000000030270000)]
  0x00000000228ca800 JavaThread "jar transforms Thread 450" [_thread_blocked, id=22132, stack(0x0000000030070000,0x0000000030170000)]
  0x00000000228d1800 JavaThread "jar transforms Thread 449" [_thread_blocked, id=1300, stack(0x000000002dea0000,0x000000002dfa0000)]
  0x00000000228ca000 JavaThread "jar transforms Thread 448" [_thread_blocked, id=20324, stack(0x000000002dba0000,0x000000002dca0000)]
  0x00000000228d0800 JavaThread "jar transforms Thread 447" [_thread_blocked, id=22940, stack(0x000000002daa0000,0x000000002dba0000)]
  0x00000000228d0000 JavaThread "jar transforms Thread 446" [_thread_blocked, id=12688, stack(0x000000002d9a0000,0x000000002daa0000)]
  0x00000000228cf000 JavaThread "jar transforms Thread 445" [_thread_blocked, id=1732, stack(0x000000002d8a0000,0x000000002d9a0000)]
  0x00000000228c7000 JavaThread "jar transforms Thread 444" [_thread_blocked, id=15620, stack(0x000000002d7a0000,0x000000002d8a0000)]
  0x00000000228cd000 JavaThread "jar transforms Thread 443" [_thread_blocked, id=21944, stack(0x000000002d6a0000,0x000000002d7a0000)]
  0x00000000228cc000 JavaThread "jar transforms Thread 442" [_thread_blocked, id=16440, stack(0x000000002d5a0000,0x000000002d6a0000)]
  0x00000000228c9000 JavaThread "jar transforms Thread 441" [_thread_blocked, id=15988, stack(0x000000002d4a0000,0x000000002d5a0000)]
  0x00000000228c7800 JavaThread "jar transforms Thread 440" [_thread_blocked, id=9332, stack(0x000000002d3a0000,0x000000002d4a0000)]
  0x00000000228cd800 JavaThread "jar transforms Thread 439" [_thread_blocked, id=10816, stack(0x000000002d2a0000,0x000000002d3a0000)]
  0x00000000228c8800 JavaThread "jar transforms Thread 438" [_thread_blocked, id=15080, stack(0x000000002d1a0000,0x000000002d2a0000)]
  0x000000002311f800 JavaThread "jar transforms Thread 437" [_thread_blocked, id=27292, stack(0x000000002d0a0000,0x000000002d1a0000)]
  0x000000002311e800 JavaThread "jar transforms Thread 436" [_thread_blocked, id=13568, stack(0x000000002cfa0000,0x000000002d0a0000)]
  0x000000002311d800 JavaThread "jar transforms Thread 435" [_thread_blocked, id=13012, stack(0x000000002cea0000,0x000000002cfa0000)]
  0x000000002311d000 JavaThread "jar transforms Thread 434" [_thread_blocked, id=23588, stack(0x000000002cda0000,0x000000002cea0000)]
  0x000000002311c000 JavaThread "jar transforms Thread 433" [_thread_blocked, id=23656, stack(0x000000002cca0000,0x000000002cda0000)]
  0x0000000023123000 JavaThread "jar transforms Thread 432" [_thread_blocked, id=8280, stack(0x000000002cba0000,0x000000002cca0000)]
  0x0000000023122800 JavaThread "jar transforms Thread 431" [_thread_blocked, id=15196, stack(0x000000002caa0000,0x000000002cba0000)]
  0x0000000023120000 JavaThread "jar transforms Thread 430" [_thread_blocked, id=24116, stack(0x000000002c9a0000,0x000000002caa0000)]
  0x000000002311a000 JavaThread "jar transforms Thread 429" [_thread_blocked, id=19192, stack(0x000000002c8a0000,0x000000002c9a0000)]
  0x0000000023114800 JavaThread "jar transforms Thread 428" [_thread_blocked, id=25532, stack(0x000000002c7a0000,0x000000002c8a0000)]
  0x000000002311b800 JavaThread "jar transforms Thread 427" [_thread_blocked, id=4924, stack(0x000000002c6a0000,0x000000002c7a0000)]
  0x0000000023119000 JavaThread "jar transforms Thread 426" [_thread_blocked, id=2180, stack(0x000000002c5a0000,0x000000002c6a0000)]
  0x0000000023118800 JavaThread "jar transforms Thread 425" [_thread_blocked, id=25628, stack(0x000000002c4a0000,0x000000002c5a0000)]
  0x0000000023117800 JavaThread "jar transforms Thread 424" [_thread_blocked, id=23000, stack(0x000000002c3a0000,0x000000002c4a0000)]
  0x0000000023114000 JavaThread "jar transforms Thread 423" [_thread_blocked, id=2532, stack(0x000000002c2a0000,0x000000002c3a0000)]
  0x0000000023115800 JavaThread "jar transforms Thread 422" [_thread_blocked, id=26896, stack(0x000000002c1a0000,0x000000002c2a0000)]
  0x0000000023116000 JavaThread "jar transforms Thread 421" [_thread_blocked, id=26524, stack(0x000000002c0a0000,0x000000002c1a0000)]
  0x0000000023117000 JavaThread "jar transforms Thread 420" [_thread_blocked, id=12776, stack(0x000000002bfa0000,0x000000002c0a0000)]
  0x000000002311a800 JavaThread "jar transforms Thread 419" [_thread_blocked, id=9536, stack(0x000000002bea0000,0x000000002bfa0000)]
  0x0000000021a9b800 JavaThread "jar transforms Thread 418" [_thread_blocked, id=11560, stack(0x000000002bda0000,0x000000002bea0000)]
  0x0000000021a98800 JavaThread "jar transforms Thread 417" [_thread_blocked, id=23684, stack(0x000000002bca0000,0x000000002bda0000)]
  0x0000000021a9f000 JavaThread "jar transforms Thread 416" [_thread_blocked, id=23280, stack(0x000000002bba0000,0x000000002bca0000)]
  0x0000000021a9d800 JavaThread "jar transforms Thread 415" [_thread_blocked, id=5856, stack(0x000000002baa0000,0x000000002bba0000)]
  0x0000000021a99000 JavaThread "jar transforms Thread 414" [_thread_blocked, id=22780, stack(0x000000002b9a0000,0x000000002baa0000)]
  0x0000000021a96000 JavaThread "jar transforms Thread 413" [_thread_blocked, id=23388, stack(0x000000002b8a0000,0x000000002b9a0000)]
  0x0000000021a8e800 JavaThread "jar transforms Thread 412" [_thread_blocked, id=7480, stack(0x000000002b7a0000,0x000000002b8a0000)]
  0x0000000021a94800 JavaThread "jar transforms Thread 411" [_thread_blocked, id=12416, stack(0x000000002b6a0000,0x000000002b7a0000)]
  0x0000000021a91800 JavaThread "jar transforms Thread 410" [_thread_blocked, id=12560, stack(0x000000002b5a0000,0x000000002b6a0000)]
  0x0000000021a94000 JavaThread "jar transforms Thread 409" [_thread_blocked, id=10256, stack(0x000000002b4a0000,0x000000002b5a0000)]
  0x0000000021a92800 JavaThread "jar transforms Thread 408" [_thread_blocked, id=19868, stack(0x000000002b3a0000,0x000000002b4a0000)]
  0x0000000021a93000 JavaThread "jar transforms Thread 407" [_thread_blocked, id=15700, stack(0x000000002b2a0000,0x000000002b3a0000)]
  0x0000000021a8a000 JavaThread "jar transforms Thread 406" [_thread_blocked, id=23320, stack(0x000000002b1a0000,0x000000002b2a0000)]
  0x0000000021a89800 JavaThread "jar transforms Thread 405" [_thread_blocked, id=19356, stack(0x000000002b0a0000,0x000000002b1a0000)]
  0x0000000021a90000 JavaThread "jar transforms Thread 404" [_thread_blocked, id=9364, stack(0x000000002afa0000,0x000000002b0a0000)]
  0x0000000021a8d000 JavaThread "jar transforms Thread 403" [_thread_blocked, id=21356, stack(0x000000002aea0000,0x000000002afa0000)]
  0x0000000021a88800 JavaThread "jar transforms Thread 402" [_thread_blocked, id=8072, stack(0x000000002ada0000,0x000000002aea0000)]
  0x0000000021a8b800 JavaThread "jar transforms Thread 401" [_thread_blocked, id=25740, stack(0x000000002aca0000,0x000000002ada0000)]
  0x0000000021a8e000 JavaThread "jar transforms Thread 400" [_thread_blocked, id=8676, stack(0x000000002aba0000,0x000000002aca0000)]
  0x0000000021a81000 JavaThread "jar transforms Thread 399" [_thread_blocked, id=26868, stack(0x000000002aaa0000,0x000000002aba0000)]
  0x0000000021a87000 JavaThread "jar transforms Thread 398" [_thread_blocked, id=13160, stack(0x000000002a9a0000,0x000000002aaa0000)]
  0x0000000021a80800 JavaThread "jar transforms Thread 397" [_thread_blocked, id=28144, stack(0x000000002a8a0000,0x000000002a9a0000)]
  0x0000000021a86800 JavaThread "jar transforms Thread 396" [_thread_blocked, id=27612, stack(0x000000002a7a0000,0x000000002a8a0000)]
  0x0000000021a82000 JavaThread "jar transforms Thread 395" [_thread_blocked, id=27116, stack(0x000000002a6a0000,0x000000002a7a0000)]
  0x0000000021a85000 JavaThread "jar transforms Thread 394" [_thread_blocked, id=20660, stack(0x000000002a5a0000,0x000000002a6a0000)]
  0x0000000032c7f000 JavaThread "jar transforms Thread 393" [_thread_blocked, id=10120, stack(0x000000002a4a0000,0x000000002a5a0000)]
  0x0000000032c7e000 JavaThread "jar transforms Thread 392" [_thread_blocked, id=16052, stack(0x000000002a3a0000,0x000000002a4a0000)]
  0x0000000032c7d800 JavaThread "jar transforms Thread 391" [_thread_blocked, id=7152, stack(0x000000002a2a0000,0x000000002a3a0000)]
  0x0000000032c7c800 JavaThread "jar transforms Thread 390" [_thread_blocked, id=5948, stack(0x000000002a1a0000,0x000000002a2a0000)]
  0x0000000032c75000 JavaThread "jar transforms Thread 389" [_thread_blocked, id=12328, stack(0x000000002a0a0000,0x000000002a1a0000)]
  0x0000000032c7a800 JavaThread "jar transforms Thread 388" [_thread_blocked, id=17048, stack(0x0000000029fa0000,0x000000002a0a0000)]
  0x0000000032c79000 JavaThread "jar transforms Thread 387" [_thread_blocked, id=6632, stack(0x0000000029ea0000,0x0000000029fa0000)]
  0x0000000032c79800 JavaThread "jar transforms Thread 386" [_thread_blocked, id=26444, stack(0x0000000029da0000,0x0000000029ea0000)]
  0x0000000032c7c000 JavaThread "jar transforms Thread 385" [_thread_blocked, id=12196, stack(0x0000000029ca0000,0x0000000029da0000)]
  0x0000000032c7b000 JavaThread "jar transforms Thread 384" [_thread_blocked, id=5072, stack(0x0000000029ba0000,0x0000000029ca0000)]
  0x0000000032c78000 JavaThread "jar transforms Thread 383" [_thread_blocked, id=22540, stack(0x0000000029aa0000,0x0000000029ba0000)]
  0x0000000032c74000 JavaThread "jar transforms Thread 382" [_thread_blocked, id=22552, stack(0x00000000299a0000,0x0000000029aa0000)]
  0x0000000032c77000 JavaThread "jar transforms Thread 381" [_thread_blocked, id=1816, stack(0x00000000298a0000,0x00000000299a0000)]
  0x0000000032c76800 JavaThread "jar transforms Thread 380" [_thread_blocked, id=26816, stack(0x00000000297a0000,0x00000000298a0000)]
  0x0000000032c75800 JavaThread "jar transforms Thread 379" [_thread_blocked, id=13440, stack(0x00000000296a0000,0x00000000297a0000)]
  0x0000000032c6c800 JavaThread "jar transforms Thread 378" [_thread_blocked, id=16128, stack(0x00000000295a0000,0x00000000296a0000)]
  0x0000000032c73800 JavaThread "jar transforms Thread 377" [_thread_blocked, id=13252, stack(0x00000000294a0000,0x00000000295a0000)]
  0x0000000032c72800 JavaThread "jar transforms Thread 376" [_thread_blocked, id=13832, stack(0x00000000293a0000,0x00000000294a0000)]
  0x0000000032c6c000 JavaThread "jar transforms Thread 375" [_thread_blocked, id=28244, stack(0x00000000292a0000,0x00000000293a0000)]
  0x0000000032c6b000 JavaThread "jar transforms Thread 374" [_thread_blocked, id=19000, stack(0x00000000291a0000,0x00000000292a0000)]
  0x0000000032c71000 JavaThread "jar transforms Thread 373" [_thread_blocked, id=25208, stack(0x00000000290a0000,0x00000000291a0000)]
  0x0000000032c72000 JavaThread "jar transforms Thread 372" [_thread_blocked, id=7136, stack(0x0000000028fa0000,0x00000000290a0000)]
  0x0000000032c6a800 JavaThread "jar transforms Thread 371" [_thread_blocked, id=26736, stack(0x0000000028ea0000,0x0000000028fa0000)]
  0x0000000032c6f800 JavaThread "jar transforms Thread 370" [_thread_blocked, id=24476, stack(0x0000000028da0000,0x0000000028ea0000)]
  0x0000000032c6f000 JavaThread "jar transforms Thread 369" [_thread_blocked, id=15780, stack(0x0000000028ca0000,0x0000000028da0000)]
  0x0000000032c6e000 JavaThread "jar transforms Thread 368" [_thread_blocked, id=19904, stack(0x0000000028ba0000,0x0000000028ca0000)]
  0x0000000032c70800 JavaThread "jar transforms Thread 367" [_thread_blocked, id=3068, stack(0x0000000028aa0000,0x0000000028ba0000)]
  0x0000000032c69800 JavaThread "jar transforms Thread 366" [_thread_blocked, id=24460, stack(0x00000000289a0000,0x0000000028aa0000)]
  0x0000000032c63000 JavaThread "jar transforms Thread 365" [_thread_blocked, id=19244, stack(0x00000000288a0000,0x00000000289a0000)]
  0x00000000256ec800 JavaThread "jar transforms Thread 364" [_thread_blocked, id=22524, stack(0x0000000026fa0000,0x00000000270a0000)]
  0x00000000256e2000 JavaThread "jar transforms Thread 363" [_thread_blocked, id=13596, stack(0x0000000026ea0000,0x0000000026fa0000)]
  0x00000000256e8000 JavaThread "jar transforms Thread 362" [_thread_blocked, id=18640, stack(0x0000000026da0000,0x0000000026ea0000)]
  0x00000000256e4000 JavaThread "jar transforms Thread 361" [_thread_blocked, id=18008, stack(0x0000000026ca0000,0x0000000026da0000)]
  0x00000000256e7000 JavaThread "jar transforms Thread 360" [_thread_blocked, id=20172, stack(0x00000000269a0000,0x0000000026aa0000)]
  0x00000000256e6800 JavaThread "jar transforms Thread 359" [_thread_blocked, id=16364, stack(0x00000000268a0000,0x00000000269a0000)]
  0x00000000256e5000 JavaThread "jar transforms Thread 358" [_thread_blocked, id=10748, stack(0x00000000267a0000,0x00000000268a0000)]
  0x00000000256e5800 JavaThread "jar transforms Thread 357" [_thread_blocked, id=16740, stack(0x00000000266a0000,0x00000000267a0000)]
  0x00000000256e3800 JavaThread "jar transforms Thread 356" [_thread_blocked, id=8448, stack(0x00000000265a0000,0x00000000266a0000)]
  0x00000000256e8800 JavaThread "jar transforms Thread 355" [_thread_blocked, id=28284, stack(0x00000000264a0000,0x00000000265a0000)]
  0x00000000256e1000 JavaThread "jar transforms Thread 354" [_thread_blocked, id=27072, stack(0x00000000263a0000,0x00000000264a0000)]
  0x00000000256d9800 JavaThread "jar transforms Thread 353" [_thread_blocked, id=26316, stack(0x00000000262a0000,0x00000000263a0000)]
  0x00000000256e0800 JavaThread "jar transforms Thread 352" [_thread_blocked, id=11576, stack(0x00000000261a0000,0x00000000262a0000)]
  0x00000000256dd800 JavaThread "jar transforms Thread 351" [_thread_blocked, id=6984, stack(0x00000000260a0000,0x00000000261a0000)]
  0x00000000256d9000 JavaThread "jar transforms Thread 350" [_thread_blocked, id=14592, stack(0x0000000025fa0000,0x00000000260a0000)]
  0x00000000256df800 JavaThread "jar transforms Thread 349" [_thread_blocked, id=1576, stack(0x0000000025ea0000,0x0000000025fa0000)]
  0x00000000256df000 JavaThread "jar transforms Thread 348" [_thread_blocked, id=28552, stack(0x0000000025da0000,0x0000000025ea0000)]
  0x00000000256dc800 JavaThread "jar transforms Thread 347" [_thread_blocked, id=26864, stack(0x0000000025ca0000,0x0000000025da0000)]
  0x00000000256d8000 JavaThread "jar transforms Thread 346" [_thread_blocked, id=14400, stack(0x0000000025ba0000,0x0000000025ca0000)]
  0x00000000256db000 JavaThread "jar transforms Thread 345" [_thread_blocked, id=12864, stack(0x00000000244b0000,0x00000000245b0000)]
  0x00000000256dc000 JavaThread "jar transforms Thread 344" [_thread_blocked, id=20176, stack(0x00000000242b0000,0x00000000243b0000)]
  0x00000000256de000 JavaThread "jar transforms Thread 343" [_thread_blocked, id=10600, stack(0x0000000023ab0000,0x0000000023bb0000)]
  0x00000000256d3800 JavaThread "jar transforms Thread 342" [_thread_blocked, id=20144, stack(0x00000000239b0000,0x0000000023ab0000)]
  0x00000000256d7800 JavaThread "jar transforms Thread 341" [_thread_blocked, id=17272, stack(0x0000000020a70000,0x0000000020b70000)]
  0x00000000256da800 JavaThread "jar transforms Thread 340" [_thread_blocked, id=27064, stack(0x0000000020970000,0x0000000020a70000)]
  0x00000000256d1800 JavaThread "Daemon worker Thread 4" [_thread_blocked, id=23836, stack(0x000000001fdc0000,0x000000001fec0000)]
  0x00000000256d3000 JavaThread "Daemon Thread 4" [_thread_blocked, id=28100, stack(0x0000000001660000,0x0000000001760000)]
  0x0000000021a9d000 JavaThread "Monitor" [_thread_in_native, id=4984, stack(0x0000000031e80000,0x0000000031f80000)]
  0x0000000025324000 JavaThread "Cache worker for Java compile cache (C:\Users\Suzhou\.gradle\caches\6.5\javaCompile)" [_thread_blocked, id=25304, stack(0x0000000033e50000,0x0000000033f50000)]
  0x0000000025323000 JavaThread "RMI Reaper" [_thread_blocked, id=14780, stack(0x0000000033a50000,0x0000000033b50000)]
  0x0000000025322800 JavaThread "RMI TCP Accept-0" daemon [_thread_in_native, id=17012, stack(0x0000000033950000,0x0000000033a50000)]
  0x000000002531b000 JavaThread "GC Daemon" daemon [_thread_blocked, id=5540, stack(0x0000000033850000,0x0000000033950000)]
  0x0000000025320000 JavaThread "RMI Scheduler(0)" daemon [_thread_blocked, id=2496, stack(0x0000000033650000,0x0000000033750000)]
  0x0000000023121800 JavaThread "Memory manager" [_thread_blocked, id=7556, stack(0x000000002ff70000,0x0000000030070000)]
  0x000000001f414000 JavaThread "Cache worker for file content cache (C:\Users\Suzhou\.gradle\caches\6.5\fileContent)" [_thread_blocked, id=12724, stack(0x00000000243b0000,0x00000000244b0000)]
  0x000000001f411000 JavaThread "Cache worker for execution history cache (C:\Users\Suzhou\.gradle\caches\6.5\executionHistory)" [_thread_blocked, id=17664, stack(0x0000000023bb0000,0x0000000023cb0000)]
  0x000000001a949000 JavaThread "Cache worker for file hash cache (C:\Users\Suzhou\.gradle\caches\6.5\fileHashes)" [_thread_blocked, id=8752, stack(0x0000000020f70000,0x0000000021070000)]
  0x000000001a94c000 JavaThread "File lock request listener" [_thread_in_native, id=20800, stack(0x0000000020e70000,0x0000000020f70000)]
  0x000000001d426800 JavaThread "Cache worker for journal cache (C:\Users\Suzhou\.gradle\caches\journal-1)" [_thread_blocked, id=23708, stack(0x0000000020d70000,0x0000000020e70000)]
  0x000000001ef1b800 JavaThread "Daemon periodic checks" [_thread_blocked, id=10984, stack(0x0000000020170000,0x0000000020270000)]
  0x000000001ef35000 JavaThread "Incoming local TCP Connector on port 4141" [_thread_in_native, id=9308, stack(0x000000001ffc0000,0x00000000200c0000)]
  0x000000001ee87800 JavaThread "Daemon health stats" [_thread_blocked, id=18028, stack(0x000000001fbc0000,0x000000001fcc0000)]
  0x000000001aa2b000 JavaThread "Service Thread" daemon [_thread_blocked, id=14008, stack(0x000000001d020000,0x000000001d120000)]
  0x000000001a94f800 JavaThread "C1 CompilerThread11" daemon [_thread_blocked, id=22924, stack(0x000000001cf20000,0x000000001d020000)]
  0x000000001a94e000 JavaThread "C1 CompilerThread10" daemon [_thread_blocked, id=26256, stack(0x000000001ce20000,0x000000001cf20000)]
  0x000000001a94a800 JavaThread "C1 CompilerThread9" daemon [_thread_blocked, id=2984, stack(0x000000001cd20000,0x000000001ce20000)]
  0x000000001a949800 JavaThread "C1 CompilerThread8" daemon [_thread_blocked, id=2280, stack(0x000000001cc20000,0x000000001cd20000)]
  0x000000001a94b000 JavaThread "C2 CompilerThread7" daemon [_thread_blocked, id=19088, stack(0x000000001cb20000,0x000000001cc20000)]
  0x000000001a94f000 JavaThread "C2 CompilerThread6" daemon [_thread_blocked, id=21984, stack(0x000000001ca20000,0x000000001cb20000)]
  0x000000001a94d800 JavaThread "C2 CompilerThread5" daemon [_thread_blocked, id=10192, stack(0x000000001c920000,0x000000001ca20000)]
  0x000000001a94c800 JavaThread "C2 CompilerThread4" daemon [_thread_blocked, id=2076, stack(0x000000001c820000,0x000000001c920000)]
  0x000000001a948000 JavaThread "C2 CompilerThread3" daemon [_thread_in_native, id=12916, stack(0x000000001c720000,0x000000001c820000)]
=>0x000000001a942000 JavaThread "C2 CompilerThread2" daemon [_thread_in_native, id=25552, stack(0x000000001c620000,0x000000001c720000)]
  0x000000001a93f800 JavaThread "C2 CompilerThread1" daemon [_thread_in_native, id=13244, stack(0x000000001c520000,0x000000001c620000)]
  0x000000001a927000 JavaThread "C2 CompilerThread0" daemon [_thread_in_native, id=19472, stack(0x000000001c420000,0x000000001c520000)]
  0x000000001a926800 JavaThread "Attach Listener" daemon [_thread_blocked, id=16988, stack(0x000000001c320000,0x000000001c420000)]
  0x000000001a93d000 JavaThread "Signal Dispatcher" daemon [_thread_blocked, id=24588, stack(0x000000001c220000,0x000000001c320000)]
  0x0000000018e73000 JavaThread "Finalizer" daemon [_thread_blocked, id=16488, stack(0x000000001c120000,0x000000001c220000)]
  0x000000001a8c6000 JavaThread "Reference Handler" daemon [_thread_blocked, id=21684, stack(0x000000001c020000,0x000000001c120000)]
  0x00000000036fd800 JavaThread "main" [_thread_blocked, id=18892, stack(0x0000000003700000,0x0000000003800000)]

Other Threads:
  0x000000001a8a3000 VMThread [stack: 0x000000001bf20000,0x000000001c020000] [id=1444]
  0x000000001a9f9800 WatcherThread [stack: 0x000000001d120000,0x000000001d220000] [id=2036]

VM state:not at safepoint (normal execution)

VM Mutex/Monitor currently owned by a thread: None

heap address: 0x0000000080000000, size: 2048 MB, Compressed Oops mode: 32-bit
Narrow klass base: 0x0000000000000000, Narrow klass shift: 3
Compressed class space size: 1073741824 Address: 0x0000000100000000

Heap:
 PSYoungGen      total 389632K, used 347232K [0x00000000d5580000, 0x00000000f1600000, 0x0000000100000000)
  eden space 341504K, 91% used [0x00000000d5580000,0x00000000e8833498,0x00000000ea300000)
  from space 48128K, 69% used [0x00000000ee700000,0x00000000f076f960,0x00000000f1600000)
  to   space 58880K, 0% used [0x00000000ea300000,0x00000000ea300000,0x00000000edc80000)
 ParOldGen       total 331776K, used 138686K [0x0000000080000000, 0x0000000094400000, 0x00000000d5580000)
  object space 331776K, 41% used [0x0000000080000000,0x000000008876f9d8,0x0000000094400000)
 Metaspace       used 124684K, capacity 136092K, committed 136396K, reserved 1167360K
  class space    used 16458K, capacity 18335K, committed 18432K, reserved 1048576K

Card table byte_map: [0x0000000012cc0000,0x00000000130d0000] byte_map_base: 0x00000000128c0000

Marking Bits: (ParMarkBitMap*) 0x0000000054c5f030
 Begin Bits: [0x0000000014080000, 0x0000000016080000)
 End Bits:   [0x0000000016080000, 0x0000000018080000)

Polling page: 0x0000000001ae0000

CodeCache: size=245760Kb used=73164Kb max_used=73175Kb free=172595Kb
 bounds [0x0000000003900000, 0x00000000080f0000, 0x0000000012900000]
 total_blobs=22002 nmethods=21010 adapters=900
 compilation: enabled

Compilation events (10 events):
Event: 720.262 Thread 0x000000001a94f800 26534       3       org.gradle.api.internal.artifacts.component.DefaultComponentIdentifierFactory::createComponentIdentifier (54 bytes)
Event: 720.262 Thread 0x000000001a949800 26535       3       org.gradle.api.internal.artifacts.ivyservice.resolveengine.projectresult.ResolvedLocalComponentsResultGraphVisitor::<init> (21 bytes)
Event: 720.262 Thread 0x000000001a94e000 26536       3       org.gradle.api.internal.artifacts.ivyservice.ShortCircuitEmptyConfigurationResolver$EmptyResults::access$000 (4 bytes)
Event: 720.263 Thread 0x000000001a94e000 nmethod 26536 0x00000000080c7d50 code [0x00000000080c7ea0, 0x00000000080c7fd0]
Event: 720.263 Thread 0x000000001a949800 nmethod 26535 0x00000000080d4090 code [0x00000000080d4220, 0x00000000080d45f0]
Event: 720.264 Thread 0x000000001a94f800 nmethod 26534 0x00000000080d2550 code [0x00000000080d27e0, 0x00000000080d3868]
Event: 720.279 Thread 0x000000001a94a800 26537       3       com.android.build.gradle.internal.res.LinkApplicationAndroidResourcesTask_Decorated::toString (33 bytes)
Event: 720.279 Thread 0x000000001a94a800 nmethod 26537 0x00000000080d1bd0 code [0x00000000080d1d80, 0x00000000080d2378]
Event: 720.283 Thread 0x000000001a94e000 26538       3       org.gradle.internal.snapshot.impl.NullValueSnapshot::snapshot (14 bytes)
Event: 720.283 Thread 0x000000001a94e000 nmethod 26538 0x00000000080cba50 code [0x00000000080cbbe0, 0x00000000080cbf68]

GC Heap History (10 events):
Event: 383.991 GC heap before
{Heap before GC invocations=22 (full 4):
 PSYoungGen      total 410624K, used 362159K [0x00000000d5580000, 0x00000000f4700000, 0x0000000100000000)
  eden space 351744K, 100% used [0x00000000d5580000,0x00000000ead00000,0x00000000ead00000)
  from space 58880K, 17% used [0x00000000ead00000,0x00000000eb72bf00,0x00000000ee680000)
  to   space 57856K, 0% used [0x00000000f0e80000,0x00000000f0e80000,0x00000000f4700000)
 ParOldGen       total 331776K, used 138638K [0x0000000080000000, 0x0000000094400000, 0x00000000d5580000)
  object space 331776K, 41% used [0x0000000080000000,0x00000000887639d8,0x0000000094400000)
 Metaspace       used 102379K, capacity 109442K, committed 110924K, reserved 1144832K
  class space    used 13500K, capacity 14719K, committed 15488K, reserved 1048576K
Event: 383.998 GC heap after
Heap after GC invocations=22 (full 4):
 PSYoungGen      total 433152K, used 10657K [0x00000000d5580000, 0x00000000f3c80000, 0x0000000100000000)
  eden space 386048K, 0% used [0x00000000d5580000,0x00000000d5580000,0x00000000ece80000)
  from space 47104K, 22% used [0x00000000f0e80000,0x00000000f18e8700,0x00000000f3c80000)
  to   space 56320K, 0% used [0x00000000ece80000,0x00000000ece80000,0x00000000f0580000)
 ParOldGen       total 331776K, used 138646K [0x0000000080000000, 0x0000000094400000, 0x00000000d5580000)
  object space 331776K, 41% used [0x0000000080000000,0x00000000887659d8,0x0000000094400000)
 Metaspace       used 102379K, capacity 109442K, committed 110924K, reserved 1144832K
  class space    used 13500K, capacity 14719K, committed 15488K, reserved 1048576K
}
Event: 560.439 GC heap before
{Heap before GC invocations=23 (full 4):
 PSYoungGen      total 433152K, used 396705K [0x00000000d5580000, 0x00000000f3c80000, 0x0000000100000000)
  eden space 386048K, 100% used [0x00000000d5580000,0x00000000ece80000,0x00000000ece80000)
  from space 47104K, 22% used [0x00000000f0e80000,0x00000000f18e8700,0x00000000f3c80000)
  to   space 56320K, 0% used [0x00000000ece80000,0x00000000ece80000,0x00000000f0580000)
 ParOldGen       total 331776K, used 138646K [0x0000000080000000, 0x0000000094400000, 0x00000000d5580000)
  object space 331776K, 41% used [0x0000000080000000,0x00000000887659d8,0x0000000094400000)
 Metaspace       used 112024K, capacity 120566K, committed 121548K, reserved 1155072K
  class space    used 14751K, capacity 16190K, committed 16640K, reserved 1048576K
Event: 560.451 GC heap after
Heap after GC invocations=23 (full 4):
 PSYoungGen      total 394240K, used 19497K [0x00000000d5580000, 0x00000000f2a00000, 0x0000000100000000)
  eden space 374272K, 0% used [0x00000000d5580000,0x00000000d5580000,0x00000000ec300000)
  from space 19968K, 97% used [0x00000000ece80000,0x00000000ee18a660,0x00000000ee200000)
  to   space 52736K, 0% used [0x00000000ef680000,0x00000000ef680000,0x00000000f2a00000)
 ParOldGen       total 331776K, used 138662K [0x0000000080000000, 0x0000000094400000, 0x00000000d5580000)
  object space 331776K, 41% used [0x0000000080000000,0x00000000887699d8,0x0000000094400000)
 Metaspace       used 112024K, capacity 120566K, committed 121548K, reserved 1155072K
  class space    used 14751K, capacity 16190K, committed 16640K, reserved 1048576K
}
Event: 567.413 GC heap before
{Heap before GC invocations=24 (full 4):
 PSYoungGen      total 394240K, used 393769K [0x00000000d5580000, 0x00000000f2a00000, 0x0000000100000000)
  eden space 374272K, 100% used [0x00000000d5580000,0x00000000ec300000,0x00000000ec300000)
  from space 19968K, 97% used [0x00000000ece80000,0x00000000ee18a660,0x00000000ee200000)
  to   space 52736K, 0% used [0x00000000ef680000,0x00000000ef680000,0x00000000f2a00000)
 ParOldGen       total 331776K, used 138662K [0x0000000080000000, 0x0000000094400000, 0x00000000d5580000)
  object space 331776K, 41% used [0x0000000080000000,0x00000000887699d8,0x0000000094400000)
 Metaspace       used 120382K, capacity 129534K, committed 129996K, reserved 1161216K
  class space    used 15882K, capacity 17451K, committed 17664K, reserved 1048576K
Event: 567.429 GC heap after
Heap after GC invocations=24 (full 4):
 PSYoungGen      total 412672K, used 40144K [0x00000000d5580000, 0x00000000f2700000, 0x0000000100000000)
  eden space 363008K, 0% used [0x00000000d5580000,0x00000000d5580000,0x00000000eb800000)
  from space 49664K, 80% used [0x00000000ef680000,0x00000000f1db4138,0x00000000f2700000)
  to   space 56832K, 0% used [0x00000000eb800000,0x00000000eb800000,0x00000000eef80000)
 ParOldGen       total 331776K, used 138670K [0x0000000080000000, 0x0000000094400000, 0x00000000d5580000)
  object space 331776K, 41% used [0x0000000080000000,0x000000008876b9d8,0x0000000094400000)
 Metaspace       used 120382K, capacity 129534K, committed 129996K, reserved 1161216K
  class space    used 15882K, capacity 17451K, committed 17664K, reserved 1048576K
}
Event: 599.693 GC heap before
{Heap before GC invocations=25 (full 4):
 PSYoungGen      total 412672K, used 403152K [0x00000000d5580000, 0x00000000f2700000, 0x0000000100000000)
  eden space 363008K, 100% used [0x00000000d5580000,0x00000000eb800000,0x00000000eb800000)
  from space 49664K, 80% used [0x00000000ef680000,0x00000000f1db4138,0x00000000f2700000)
  to   space 56832K, 0% used [0x00000000eb800000,0x00000000eb800000,0x00000000eef80000)
 ParOldGen       total 331776K, used 138670K [0x0000000080000000, 0x0000000094400000, 0x00000000d5580000)
  object space 331776K, 41% used [0x0000000080000000,0x000000008876b9d8,0x0000000094400000)
 Metaspace       used 123026K, capacity 132726K, committed 132812K, reserved 1165312K
  class space    used 16215K, capacity 17886K, committed 17920K, reserved 1048576K
Event: 599.706 GC heap after
Heap after GC invocations=25 (full 4):
 PSYoungGen      total 390656K, used 37903K [0x00000000d5580000, 0x00000000f2080000, 0x0000000100000000)
  eden space 352256K, 0% used [0x00000000d5580000,0x00000000d5580000,0x00000000ead80000)
  from space 38400K, 98% used [0x00000000eb800000,0x00000000edd03fd8,0x00000000edd80000)
  to   space 58880K, 0% used [0x00000000ee700000,0x00000000ee700000,0x00000000f2080000)
 ParOldGen       total 331776K, used 138678K [0x0000000080000000, 0x0000000094400000, 0x00000000d5580000)
  object space 331776K, 41% used [0x0000000080000000,0x000000008876d9d8,0x0000000094400000)
 Metaspace       used 123026K, capacity 132726K, committed 132812K, reserved 1165312K
  class space    used 16215K, capacity 17886K, committed 17920K, reserved 1048576K
}
Event: 665.935 GC heap before
{Heap before GC invocations=26 (full 4):
 PSYoungGen      total 390656K, used 390159K [0x00000000d5580000, 0x00000000f2080000, 0x0000000100000000)
  eden space 352256K, 100% used [0x00000000d5580000,0x00000000ead80000,0x00000000ead80000)
  from space 38400K, 98% used [0x00000000eb800000,0x00000000edd03fd8,0x00000000edd80000)
  to   space 58880K, 0% used [0x00000000ee700000,0x00000000ee700000,0x00000000f2080000)
 ParOldGen       total 331776K, used 138678K [0x0000000080000000, 0x0000000094400000, 0x00000000d5580000)
  object space 331776K, 41% used [0x0000000080000000,0x000000008876d9d8,0x0000000094400000)
 Metaspace       used 124388K, capacity 135632K, committed 135756K, reserved 1167360K
  class space    used 16435K, capacity 18293K, committed 18304K, reserved 1048576K
Event: 665.949 GC heap after
Heap after GC invocations=26 (full 4):
 PSYoungGen      total 389632K, used 33214K [0x00000000d5580000, 0x00000000f1600000, 0x0000000100000000)
  eden space 341504K, 0% used [0x00000000d5580000,0x00000000d5580000,0x00000000ea300000)
  from space 48128K, 69% used [0x00000000ee700000,0x00000000f076f960,0x00000000f1600000)
  to   space 58880K, 0% used [0x00000000ea300000,0x00000000ea300000,0x00000000edc80000)
 ParOldGen       total 331776K, used 138686K [0x0000000080000000, 0x0000000094400000, 0x00000000d5580000)
  object space 331776K, 41% used [0x0000000080000000,0x000000008876f9d8,0x0000000094400000)
 Metaspace       used 124388K, capacity 135632K, committed 135756K, reserved 1167360K
  class space    used 16435K, capacity 18293K, committed 18304K, reserved 1048576K
}

Deoptimization events (10 events):
Event: 606.382 Thread 0x00000000256ed800 Uncommon trap: reason=class_check action=maybe_recompile pc=0x00000000046c4438 method=com.sun.org.apache.xerces.internal.dom.NamedNodeMapImpl.getNamedItemNS(Ljava/lang/String;Ljava/lang/String;)Lorg/w3c/dom/Node; @ 28
Event: 606.382 Thread 0x00000000256ed800 Uncommon trap: reason=class_check action=maybe_recompile pc=0x00000000046c4438 method=com.sun.org.apache.xerces.internal.dom.NamedNodeMapImpl.getNamedItemNS(Ljava/lang/String;Ljava/lang/String;)Lorg/w3c/dom/Node; @ 28
Event: 606.382 Thread 0x00000000256ed800 Uncommon trap: reason=class_check action=maybe_recompile pc=0x00000000046c4438 method=com.sun.org.apache.xerces.internal.dom.NamedNodeMapImpl.getNamedItemNS(Ljava/lang/String;Ljava/lang/String;)Lorg/w3c/dom/Node; @ 28
Event: 606.419 Thread 0x00000000256ed800 Uncommon trap: reason=bimorphic action=maybe_recompile pc=0x000000000529e1b8 method=com.sun.org.apache.xerces.internal.dom.ElementImpl.getNodeName()Ljava/lang/String; @ 8
Event: 612.204 Thread 0x0000000025319800 Uncommon trap: reason=class_check action=maybe_recompile pc=0x0000000004a8f210 method=java.lang.ThreadLocal.set(Ljava/lang/Object;)V @ 26
Event: 661.881 Thread 0x00000000256d6800 Uncommon trap: reason=null_check action=make_not_entrant pc=0x0000000007f8ca28 method=org.gradle.api.internal.tasks.properties.bean.AbstractNestedRuntimeBeanNode$BeanPropertyValue.isConfigurable()Z @ 9
Event: 666.029 Thread 0x00000000256d5000 Uncommon trap: reason=unstable_if action=reinterpret pc=0x000000000491e770 method=org.gradle.internal.snapshot.impl.AbstractScalarValueSnapshot.equals(Ljava/lang/Object;)Z @ 19
Event: 667.035 Thread 0x0000000025325800 Uncommon trap: reason=unstable_if action=reinterpret pc=0x00000000049e05b8 method=java.util.concurrent.ThreadPoolExecutor.getTask()Ljava/lang/Runnable; @ 34
Event: 667.046 Thread 0x00000000256d1800 Uncommon trap: reason=null_check action=make_not_entrant pc=0x0000000006625ab8 method=java.lang.ThreadLocal$ThreadLocalMap.expungeStaleEntry(I)I @ 51
Event: 693.635 Thread 0x0000000037150000 Uncommon trap: reason=unstable_if action=reinterpret pc=0x0000000004628210 method=org.gradle.internal.logging.sink.OutputEventRenderer.onOutput(Lorg/gradle/internal/logging/events/OutputEvent;)V @ 24

Classes redefined (0 events):
No events

Internal exceptions (10 events):
Event: 694.109 Thread 0x0000000037169000 Exception <a 'sun/nio/fs/WindowsException'> (0x00000000e24914d8) thrown at [C:\src\AOSP-openjdk-git\hotspot\src\share\vm\prims\jni.cpp, line 710]
Event: 694.109 Thread 0x0000000037169000 Exception <a 'sun/nio/fs/WindowsException'> (0x00000000e24931d8) thrown at [C:\src\AOSP-openjdk-git\hotspot\src\share\vm\prims\jni.cpp, line 710]
Event: 694.109 Thread 0x0000000037169000 Exception <a 'sun/nio/fs/WindowsException'> (0x00000000e2493e90) thrown at [C:\src\AOSP-openjdk-git\hotspot\src\share\vm\prims\jni.cpp, line 710]
Event: 694.109 Thread 0x0000000037169000 Exception <a 'sun/nio/fs/WindowsException'> (0x00000000e2495bd8) thrown at [C:\src\AOSP-openjdk-git\hotspot\src\share\vm\prims\jni.cpp, line 710]
Event: 694.109 Thread 0x0000000037169000 Exception <a 'sun/nio/fs/WindowsException'> (0x00000000e24968a0) thrown at [C:\src\AOSP-openjdk-git\hotspot\src\share\vm\prims\jni.cpp, line 710]
Event: 694.110 Thread 0x0000000037169000 Exception <a 'sun/nio/fs/WindowsException'> (0x00000000e2498608) thrown at [C:\src\AOSP-openjdk-git\hotspot\src\share\vm\prims\jni.cpp, line 710]
Event: 694.110 Thread 0x0000000037169000 Exception <a 'sun/nio/fs/WindowsException'> (0x00000000e24992d0) thrown at [C:\src\AOSP-openjdk-git\hotspot\src\share\vm\prims\jni.cpp, line 710]
Event: 694.171 Thread 0x0000000037166000 Exception <a 'sun/nio/fs/WindowsException'> (0x00000000e2c645d0) thrown at [C:\src\AOSP-openjdk-git\hotspot\src\share\vm\prims\jni.cpp, line 710]
Event: 694.171 Thread 0x0000000037166000 Exception <a 'sun/nio/fs/WindowsException'> (0x00000000e2c652b8) thrown at [C:\src\AOSP-openjdk-git\hotspot\src\share\vm\prims\jni.cpp, line 710]
Event: 720.124 Thread 0x00000000256d1800 Exception <a 'sun/nio/fs/WindowsException'> (0x00000000e5f8f238) thrown at [C:\src\AOSP-openjdk-git\hotspot\src\share\vm\prims\jni.cpp, line 710]

Events (10 events):
Event: 720.151 Executing VM operation: RevokeBias
Event: 720.151 Executing VM operation: RevokeBias done
Event: 720.159 Executing VM operation: RevokeBias
Event: 720.159 Executing VM operation: RevokeBias done
Event: 720.160 Executing VM operation: RevokeBias
Event: 720.160 Executing VM operation: RevokeBias done
Event: 720.162 Executing VM operation: RevokeBias
Event: 720.162 Executing VM operation: RevokeBias done
Event: 720.165 Executing VM operation: RevokeBias
Event: 720.165 Executing VM operation: RevokeBias done


Dynamic libraries:
0x00007ff72ba60000 - 0x00007ff72ba91000 	D:\AndroidStudio\jre\bin\java.exe
0x00007ffe51ba0000 - 0x00007ffe51da9000 	C:\WINDOWS\SYSTEM32\ntdll.dll
0x00007ffe50390000 - 0x00007ffe5044e000 	C:\WINDOWS\System32\KERNEL32.DLL
0x00007ffe4f4e0000 - 0x00007ffe4f85b000 	C:\WINDOWS\System32\KERNELBASE.dll
0x00007ffe51ab0000 - 0x00007ffe51b5e000 	C:\WINDOWS\System32\ADVAPI32.dll
0x00007ffe50510000 - 0x00007ffe505b3000 	C:\WINDOWS\System32\msvcrt.dll
0x00007ffe513e0000 - 0x00007ffe5147e000 	C:\WINDOWS\System32\sechost.dll
0x00007ffe512c0000 - 0x00007ffe513e0000 	C:\WINDOWS\System32\RPCRT4.dll
0x00007ffe500d0000 - 0x00007ffe5027d000 	C:\WINDOWS\System32\USER32.dll
0x00007ffe4f250000 - 0x00007ffe4f276000 	C:\WINDOWS\System32\win32u.dll
0x00007ffe505c0000 - 0x00007ffe505e9000 	C:\WINDOWS\System32\GDI32.dll
0x00007ffe4f860000 - 0x00007ffe4f978000 	C:\WINDOWS\System32\gdi32full.dll
0x00007ffe4f980000 - 0x00007ffe4fa1d000 	C:\WINDOWS\System32\msvcp_win.dll
0x00007ffe4f070000 - 0x00007ffe4f181000 	C:\WINDOWS\System32\ucrtbase.dll
0x00007ffe398d0000 - 0x00007ffe39b75000 	C:\WINDOWS\WinSxS\amd64_microsoft.windows.common-controls_6595b64144ccf1df_6.0.22000.120_none_9d947278b86cc467\COMCTL32.dll
0x00007ffe50290000 - 0x00007ffe502c2000 	C:\WINDOWS\System32\IMM32.DLL
0x00000000541e0000 - 0x00000000542b2000 	D:\AndroidStudio\jre\jre\bin\msvcr100.dll
0x0000000054490000 - 0x0000000054cdb000 	D:\AndroidStudio\jre\jre\bin\server\jvm.dll
0x00007ffe51480000 - 0x00007ffe51488000 	C:\WINDOWS\System32\PSAPI.DLL
0x00007ffe48c20000 - 0x00007ffe48c53000 	C:\WINDOWS\SYSTEM32\WINMM.dll
0x00007ffe36e80000 - 0x00007ffe36e89000 	C:\WINDOWS\SYSTEM32\WSOCK32.dll
0x00007ffe50040000 - 0x00007ffe500af000 	C:\WINDOWS\System32\WS2_32.dll
0x00007ffe47460000 - 0x00007ffe4746a000 	C:\WINDOWS\SYSTEM32\VERSION.dll
0x00007ffe3f4a0000 - 0x00007ffe3f4af000 	D:\AndroidStudio\jre\jre\bin\verify.dll
0x00007ffe3f470000 - 0x00007ffe3f499000 	D:\AndroidStudio\jre\jre\bin\java.dll
0x00007ffe3d540000 - 0x00007ffe3d556000 	D:\AndroidStudio\jre\jre\bin\zip.dll
0x00007ffe508f0000 - 0x00007ffe510a7000 	C:\WINDOWS\System32\SHELL32.dll
0x00007ffe4d160000 - 0x00007ffe4d9c5000 	C:\WINDOWS\SYSTEM32\windows.storage.dll
0x00007ffe4fbe0000 - 0x00007ffe4ff58000 	C:\WINDOWS\System32\combase.dll
0x00007ffe4cff0000 - 0x00007ffe4d156000 	C:\WINDOWS\SYSTEM32\wintypes.dll
0x00007ffe510b0000 - 0x00007ffe5119a000 	C:\WINDOWS\System32\SHCORE.dll
0x00007ffe50450000 - 0x00007ffe504ad000 	C:\WINDOWS\System32\shlwapi.dll
0x00007ffe4efa0000 - 0x00007ffe4efc1000 	C:\WINDOWS\SYSTEM32\profapi.dll
0x00007ffe359a0000 - 0x00007ffe359ba000 	D:\AndroidStudio\jre\jre\bin\net.dll
0x00007ffe4e590000 - 0x00007ffe4e5f7000 	C:\WINDOWS\system32\mswsock.dll
0x00007ffe32380000 - 0x00007ffe32393000 	D:\AndroidStudio\jre\jre\bin\nio.dll
0x00007ffe49130000 - 0x00007ffe49157000 	C:\Users\Suzhou\.gradle\native\f6784746aeab05261644944871eae4fe03e0ef1612fff0a4a95f87b438bc6780\windows-amd64\native-platform.dll
0x00007ffe3f360000 - 0x00007ffe3f36d000 	D:\AndroidStudio\jre\jre\bin\management.dll
0x00007ffe4e840000 - 0x00007ffe4e858000 	C:\WINDOWS\SYSTEM32\CRYPTSP.dll
0x00007ffe4e050000 - 0x00007ffe4e085000 	C:\WINDOWS\system32\rsaenh.dll
0x00007ffe4e6f0000 - 0x00007ffe4e719000 	C:\WINDOWS\SYSTEM32\USERENV.dll
0x00007ffe4e9c0000 - 0x00007ffe4e9e7000 	C:\WINDOWS\SYSTEM32\bcrypt.dll
0x00007ffe4f3f0000 - 0x00007ffe4f46f000 	C:\WINDOWS\System32\bcryptprimitives.dll
0x00007ffe4e9f0000 - 0x00007ffe4e9fc000 	C:\WINDOWS\SYSTEM32\CRYPTBASE.dll
0x00007ffe4dc20000 - 0x00007ffe4dc4d000 	C:\WINDOWS\SYSTEM32\IPHLPAPI.DLL
0x00007ffe50280000 - 0x00007ffe50289000 	C:\WINDOWS\System32\NSI.dll
0x00007ffe48be0000 - 0x00007ffe48bf9000 	C:\WINDOWS\SYSTEM32\dhcpcsvc6.DLL
0x00007ffe49350000 - 0x00007ffe4936e000 	C:\WINDOWS\SYSTEM32\dhcpcsvc.DLL
0x00007ffe4dc50000 - 0x00007ffe4dd38000 	C:\WINDOWS\SYSTEM32\DNSAPI.dll
0x00007ffe47a50000 - 0x00007ffe47a5c000 	C:\WINDOWS\SYSTEM32\WINNSI.DLL
0x00007ffe4ae60000 - 0x00007ffe4ae7e000 	C:\Users\Suzhou\AppData\Local\Temp\native-platform7513652997913439014dir\native-platform.dll
0x00007ffe2bd90000 - 0x00007ffe2bdb4000 	D:\AndroidStudio\jre\jre\bin\sunec.dll
0x00007ffe47450000 - 0x00007ffe4745a000 	C:\Windows\System32\rasadhlp.dll
0x00007ffe46f90000 - 0x00007ffe47011000 	C:\WINDOWS\System32\fwpuclnt.dll
0x00007ffe3e260000 - 0x00007ffe3e26b000 	D:\AndroidStudio\jre\jre\bin\sunmscapi.dll
0x00007ffe4f280000 - 0x00007ffe4f3e2000 	C:\WINDOWS\System32\CRYPT32.dll

VM Arguments:
jvm_args: -Xmx2048m -Dfile.encoding=UTF-8 -Duser.country=CN -Duser.language=zh -Duser.variant 
java_command: org.gradle.launcher.daemon.bootstrap.GradleDaemon 6.5
java_class_path (initial): C:\Users\Suzhou\.gradle\wrapper\dists\gradle-6.5-bin\6nifqtx7604sqp1q6g8wikw7p\gradle-6.5\lib\gradle-launcher-6.5.jar
Launcher Type: SUN_STANDARD

Environment Variables:
JAVA_HOME=D:\JDK
PATH=C:\Program Files\Common Files\Oracle\Java\javapath;C:\Windows\system32;C:\Windows;C:\Windows\System32\Wbem;C:\Windows\System32\WindowsPowerShell\v1.0;C:\Windows\System32\OpenSSH;C:\Program Files (x86)\NVIDIA Corporation\PhysX\Common;C:\Program Files\NVIDIA Corporation\NVIDIA NvDLISR;C:\Users\Suzhou\AppData\Local\Programs\Python;"D:\Tomcat\apache-tomcat-10.0.2\lib;D:\Tomcat\apache-tomcat-10.0.2\bin";D:\JDK\bin;C:\mysql\mysql-8.0.23\bin;D:\SDK\platform-tools;C:\Program Files (x86)\Qualcomm\QIKTool\1.0.122.3;C:\ProgramData\chocolatey\bin;C:\Program Files\Git\cmd;D:\PuTTY\;C:\Program Files\nodejs\;D:\miniconda3;D:\miniconda3\Library\mingw-w64\bin;D:\miniconda3\Library\usr\bin;D:\miniconda3\Library\bin;D:\miniconda3\Scripts;D:\Python\Scripts\;D:\Python\;C:\Users\Suzhou\AppData\Local\Microsoft\WindowsApps;;D:\Tomcat\apache-tomcat-10.0.2\lib;D:\Tomcat\apache-tomcat-10.0.2\bin;D:\IDE\PyCharm 2021.1.1\bin;;C:\Users\Suzhou\AppData\Roaming\npm
USERNAME=Suzhou
OS=Windows_NT
PROCESSOR_IDENTIFIER=AMD64 Family 23 Model 96 Stepping 1, AuthenticAMD



---------------  S Y S T E M  ---------------

OS: Windows 10.0 , 64 bit Build 22000 (10.0.22000.1335)

CPU:total 16 (initial active 16) (16 cores per cpu, 1 threads per core) family 23 model 96 stepping 1, cmov, cx8, fxsr, mmx, sse, sse2, sse3, ssse3, sse4.1, sse4.2, popcnt, avx, avx2, aes, clmul, mmxext, 3dnowpref, lzcnt, sse4a, tsc, tscinvbit, tscinv, bmi1

Memory: 4k page, physical 16643396k(2195496k free), swap 20837700k(5880k free)

vm_info: OpenJDK 64-Bit Server VM (25.242-b01) for windows-amd64 JRE (1.8.0_242-release-1644-b01), built by "builder" with MS VC++ 10.0 (VS2010)

time: Tue Jan 03 17:26:29 2023
timezone: 
elapsed time: 720 seconds (0d 0h 12m 0s)

